epc_core.c(52,5): warning : cast to smaller integer type 'unsigned long' from 'epc_list_head *' (aka 'struct epc_list_head *') [-Wpointer-to-int-cast]
.\epc_core.h(69,16): message : expanded from macro 'epc_list_for_each_entry_safe'
.\epc_core.h(59,29): message : expanded from macro 'epc_list_entry'
epc_core.c(52,5): warning : cast to smaller integer type 'unsigned long' from 'epc_list_head *' (aka 'struct epc_list_head *') [-Wpointer-to-int-cast]
.\epc_core.h(70,13): message : expanded from macro 'epc_list_for_each_entry_safe'
.\epc_core.h(59,29): message : expanded from macro 'epc_list_entry'
epc_core.c(52,5): warning : cast to smaller integer type 'unsigned long' from 'epc_list_head *' (aka 'struct epc_list_head *') [-Wpointer-to-int-cast]
.\epc_core.h(72,22): message : expanded from macro 'epc_list_for_each_entry_safe'
.\epc_core.h(59,29): message : expanded from macro 'epc_list_entry'
epc_core.c(61,9): warning : cast to smaller integer type 'unsigned long' from 'epc_list_head *' (aka 'struct epc_list_head *') [-Wpointer-to-int-cast]
.\epc_core.h(65,16): message : expanded from macro 'epc_list_for_each_entry'
.\epc_core.h(59,29): message : expanded from macro 'epc_list_entry'
epc_core.c(61,9): warning : cast to smaller integer type 'unsigned long' from 'epc_list_head *' (aka 'struct epc_list_head *') [-Wpointer-to-int-cast]
.\epc_core.h(66,39): message : expanded from macro 'epc_list_for_each_entry'
.\epc_core.h(59,29): message : expanded from macro 'epc_list_entry'
epc_core.c(76,9): warning : cast to smaller integer type 'unsigned long' from 'epc_list_head *' (aka 'struct epc_list_head *') [-Wpointer-to-int-cast]
.\epc_core.h(65,16): message : expanded from macro 'epc_list_for_each_entry'
.\epc_core.h(59,29): message : expanded from macro 'epc_list_entry'
epc_core.c(76,9): warning : cast to smaller integer type 'unsigned long' from 'epc_list_head *' (aka 'struct epc_list_head *') [-Wpointer-to-int-cast]
.\epc_core.h(66,39): message : expanded from macro 'epc_list_for_each_entry'
.\epc_core.h(59,29): message : expanded from macro 'epc_list_entry'
epc_core.c(101,5): warning : cast to smaller integer type 'unsigned long' from 'epc_list_head *' (aka 'struct epc_list_head *') [-Wpointer-to-int-cast]
.\epc_core.h(69,16): message : expanded from macro 'epc_list_for_each_entry_safe'
.\epc_core.h(59,29): message : expanded from macro 'epc_list_entry'
epc_core.c(101,5): warning : cast to smaller integer type 'unsigned long' from 'epc_list_head *' (aka 'struct epc_list_head *') [-Wpointer-to-int-cast]
.\epc_core.h(70,13): message : expanded from macro 'epc_list_for_each_entry_safe'
.\epc_core.h(59,29): message : expanded from macro 'epc_list_entry'
epc_core.c(101,5): warning : cast to smaller integer type 'unsigned long' from 'epc_list_head *' (aka 'struct epc_list_head *') [-Wpointer-to-int-cast]
.\epc_core.h(72,22): message : expanded from macro 'epc_list_for_each_entry_safe'
.\epc_core.h(59,29): message : expanded from macro 'epc_list_entry'
epc_core.c(106,5): warning : cast to smaller integer type 'unsigned long' from 'epc_list_head *' (aka 'struct epc_list_head *') [-Wpointer-to-int-cast]
.\epc_core.h(69,16): message : expanded from macro 'epc_list_for_each_entry_safe'
.\epc_core.h(59,29): message : expanded from macro 'epc_list_entry'
epc_core.c(106,5): warning : cast to smaller integer type 'unsigned long' from 'epc_list_head *' (aka 'struct epc_list_head *') [-Wpointer-to-int-cast]
.\epc_core.h(70,13): message : expanded from macro 'epc_list_for_each_entry_safe'
.\epc_core.h(59,29): message : expanded from macro 'epc_list_entry'
epc_core.c(106,5): warning : cast to smaller integer type 'unsigned long' from 'epc_list_head *' (aka 'struct epc_list_head *') [-Wpointer-to-int-cast]
.\epc_core.h(72,22): message : expanded from macro 'epc_list_for_each_entry_safe'
.\epc_core.h(59,29): message : expanded from macro 'epc_list_entry'
epc_core.c(156,5): warning : cast to smaller integer type 'unsigned long' from 'epc_list_head *' (aka 'struct epc_list_head *') [-Wpointer-to-int-cast]
.\epc_core.h(65,16): message : expanded from macro 'epc_list_for_each_entry'
.\epc_core.h(59,29): message : expanded from macro 'epc_list_entry'
epc_core.c(156,5): warning : cast to smaller integer type 'unsigned long' from 'epc_list_head *' (aka 'struct epc_list_head *') [-Wpointer-to-int-cast]
.\epc_core.h(66,39): message : expanded from macro 'epc_list_for_each_entry'
.\epc_core.h(59,29): message : expanded from macro 'epc_list_entry'
epc_core.c(171,5): warning : 'strncpy' is deprecated: This function or variable may be unsafe. Consider using strncpy_s instead. To disable deprecation, use _CRT_SECURE_NO_WARNINGS. See online help for details. [-Wdeprecated-declarations]
C:\Program Files (x86)\Windows Kits\10\Include\10.0.22621.0\ucrt\string.h(334,1): message : 'strncpy' has been explicitly marked deprecated here
C:\Program Files (x86)\Windows Kits\10\Include\10.0.22621.0\ucrt\corecrt.h(1935,17): message : expanded from macro '__DEFINE_CPP_OVERLOAD_STANDARD_NFUNC_0_2_EX'
C:\Program Files\Microsoft Visual Studio\2022\Community\VC\Tools\MSVC\14.43.34808\include\vcruntime.h(368,55): message : expanded from macro '_CRT_INSECURE_DEPRECATE'
C:\Program Files\Microsoft Visual Studio\2022\Community\VC\Tools\MSVC\14.43.34808\include\vcruntime.h(358,47): message : expanded from macro '_CRT_DEPRECATE_TEXT'
epc_core.c(193,5): warning : cast to smaller integer type 'unsigned long' from 'epc_list_head *' (aka 'struct epc_list_head *') [-Wpointer-to-int-cast]
.\epc_core.h(65,16): message : expanded from macro 'epc_list_for_each_entry'
.\epc_core.h(59,29): message : expanded from macro 'epc_list_entry'
epc_core.c(193,5): warning : cast to smaller integer type 'unsigned long' from 'epc_list_head *' (aka 'struct epc_list_head *') [-Wpointer-to-int-cast]
.\epc_core.h(66,39): message : expanded from macro 'epc_list_for_each_entry'
.\epc_core.h(59,29): message : expanded from macro 'epc_list_entry'
epc_core.c(207,5): warning : cast to smaller integer type 'unsigned long' from 'epc_list_head *' (aka 'struct epc_list_head *') [-Wpointer-to-int-cast]
.\epc_core.h(65,16): message : expanded from macro 'epc_list_for_each_entry'
.\epc_core.h(59,29): message : expanded from macro 'epc_list_entry'
epc_core.c(207,5): warning : cast to smaller integer type 'unsigned long' from 'epc_list_head *' (aka 'struct epc_list_head *') [-Wpointer-to-int-cast]
.\epc_core.h(66,39): message : expanded from macro 'epc_list_for_each_entry'
.\epc_core.h(59,29): message : expanded from macro 'epc_list_entry'
epc_core.c(224,5): warning : cast to smaller integer type 'unsigned long' from 'epc_list_head *' (aka 'struct epc_list_head *') [-Wpointer-to-int-cast]
.\epc_core.h(69,16): message : expanded from macro 'epc_list_for_each_entry_safe'
.\epc_core.h(59,29): message : expanded from macro 'epc_list_entry'
epc_core.c(224,5): warning : cast to smaller integer type 'unsigned long' from 'epc_list_head *' (aka 'struct epc_list_head *') [-Wpointer-to-int-cast]
.\epc_core.h(70,13): message : expanded from macro 'epc_list_for_each_entry_safe'
.\epc_core.h(59,29): message : expanded from macro 'epc_list_entry'
epc_core.c(224,5): warning : cast to smaller integer type 'unsigned long' from 'epc_list_head *' (aka 'struct epc_list_head *') [-Wpointer-to-int-cast]
.\epc_core.h(72,22): message : expanded from macro 'epc_list_for_each_entry_safe'
.\epc_core.h(59,29): message : expanded from macro 'epc_list_entry'
epc_core.c(372,5): warning : cast to smaller integer type 'unsigned long' from 'epc_list_head *' (aka 'struct epc_list_head *') [-Wpointer-to-int-cast]
.\epc_core.h(65,16): message : expanded from macro 'epc_list_for_each_entry'
.\epc_core.h(59,29): message : expanded from macro 'epc_list_entry'
epc_core.c(372,5): warning : cast to smaller integer type 'unsigned long' from 'epc_list_head *' (aka 'struct epc_list_head *') [-Wpointer-to-int-cast]
.\epc_core.h(66,39): message : expanded from macro 'epc_list_for_each_entry'
.\epc_core.h(59,29): message : expanded from macro 'epc_list_entry'
epc_core.c(380,9): warning : cast to smaller integer type 'unsigned long' from 'epc_list_head *' (aka 'struct epc_list_head *') [-Wpointer-to-int-cast]
.\epc_core.h(65,16): message : expanded from macro 'epc_list_for_each_entry'
.\epc_core.h(59,29): message : expanded from macro 'epc_list_entry'
epc_core.c(380,9): warning : cast to smaller integer type 'unsigned long' from 'epc_list_head *' (aka 'struct epc_list_head *') [-Wpointer-to-int-cast]
.\epc_core.h(66,39): message : expanded from macro 'epc_list_for_each_entry'
.\epc_core.h(59,29): message : expanded from macro 'epc_list_entry'
epc_core.c(391,13): warning : cast to smaller integer type 'unsigned long' from 'epc_list_head *' (aka 'struct epc_list_head *') [-Wpointer-to-int-cast]
.\epc_core.h(65,16): message : expanded from macro 'epc_list_for_each_entry'
.\epc_core.h(59,29): message : expanded from macro 'epc_list_entry'
epc_core.c(391,13): warning : cast to smaller integer type 'unsigned long' from 'epc_list_head *' (aka 'struct epc_list_head *') [-Wpointer-to-int-cast]
.\epc_core.h(66,39): message : expanded from macro 'epc_list_for_each_entry'
.\epc_core.h(59,29): message : expanded from macro 'epc_list_entry'
epc_core.c(406,21): warning : format specifies type 'unsigned long' but the argument has type 'uint64_t' (aka 'unsigned long long') [-Wformat]
epc_core.c(406,44): warning : format specifies type 'unsigned long' but the argument has type 'uint64_t' (aka 'unsigned long long') [-Wformat]
epc_core.c(406,67): warning : format specifies type 'unsigned long' but the argument has type 'uint64_t' (aka 'unsigned long long') [-Wformat]
epc_core.c(463,11): warning : cast to smaller integer type 'unsigned long' from 'epc_list_head *' (aka 'struct epc_list_head *') [-Wpointer-to-int-cast]
.\epc_core.h(62,5): message : expanded from macro 'epc_list_first_entry'
.\epc_core.h(59,29): message : expanded from macro 'epc_list_entry'
epc_core.c(468,32): warning : format specifies type 'int' but the argument has type 'size_t' (aka 'unsigned long long') [-Wformat]
epc_core.c(448,10): warning : unused variable 'isEmpty' [-Wunused-variable]
  EventProcessCommunication.Service.vcxproj -> C:\Users\gpsd\source\vc++\EventProcessCommunication\bin\Windows\x64\Release\EventProcessCommunication.Service.exe
